#
# There is insufficient memory for the Java Runtime Environment to continue.
# Native memory allocation (malloc) failed to allocate 1048576 bytes for AllocateHeap
# Possible reasons:
#   The system is out of physical RAM or swap space
#   In 32 bit mode, the process size limit was hit
# Possible solutions:
#   Reduce memory load on the system
#   Increase physical memory or swap space
#   Check if swap backing store is full
#   Use 64 bit Java on a 64 bit OS
#   Decrease Java heap size (-Xmx/-Xms)
#   Decrease number of Java threads
#   Decrease Java thread stack sizes (-Xss)
#   Set larger code cache with -XX:ReservedCodeCacheSize=
# This output file may be truncated or incomplete.
#
#  Out of Memory Error (memory/allocation.inline.hpp:61), pid=9936, tid=12420
#
# JRE version:  (8.0_91-b15) (build )
# Java VM: Java HotSpot(TM) 64-Bit Server VM (25.91-b15 mixed mode windows-amd64 compressed oops)
# Failed to write core dump. Minidumps are not enabled by default on client versions of Windows
#

---------------  T H R E A D  ---------------

Current thread (0x0000000000a9e000):  JavaThread "Unknown thread" [_thread_in_vm, id=12420, stack(0x00000000026d0000,0x00000000027d0000)]

Stack: [0x00000000026d0000,0x00000000027d0000]
[error occurred during error reporting (printing stack bounds), id 0xc0000005]

Native frames: (J=compiled Java code, j=interpreted, Vv=VM code, C=native code)


---------------  P R O C E S S  ---------------

Java Threads: ( => current thread )

Other Threads:

=>0x0000000000a9e000 (exited) JavaThread "Unknown thread" [_thread_in_vm, id=12420, stack(0x00000000026d0000,0x00000000027d0000)]

VM state:not at safepoint (normal execution)

VM Mutex/Monitor currently owned by a thread: None

Heap:
 PSYoungGen      total 57344K, used 983K [0x00000000eab00000, 0x00000000eeb00000, 0x0000000100000000)
  eden space 49152K, 2% used [0x00000000eab00000,0x00000000eabf5c38,0x00000000edb00000)
  from space 8192K, 0% used [0x00000000ee300000,0x00000000ee300000,0x00000000eeb00000)
  to   space 8192K, 0% used [0x00000000edb00000,0x00000000edb00000,0x00000000ee300000)
 ParOldGen       total 131072K, used 0K [0x00000000c0000000, 0x00000000c8000000, 0x00000000eab00000)
  object space 131072K, 0% used [0x00000000c0000000,0x00000000c0000000,0x00000000c8000000)
 Metaspace       used 769K, capacity 4480K, committed 4480K, reserved 1056768K
  class space    used 75K, capacity 384K, committed 384K, reserved 1048576K

Card table byte_map: [0x0000000011c90000,0x0000000011ea0000] byte_map_base: 0x0000000011690000

Marking Bits: (ParMarkBitMap*) 0x0000000067b52f70
 Begin Bits: [0x0000000012400000, 0x0000000013400000)
 End Bits:   [0x0000000013400000, 0x0000000014400000)

Polling page: 0x0000000000a10000

CodeCache: size=245760Kb used=327Kb max_used=327Kb free=245432Kb
 bounds [0x00000000028d0000, 0x0000000002b40000, 0x00000000118d0000]
 total_blobs=57 nmethods=0 adapters=38
 compilation: enabled

Compilation events (0 events):
No events

GC Heap History (0 events):
No events

Deoptimization events (0 events):
No events

Internal exceptions (0 events):
No events

Events (10 events):
Event: 0.045 loading class java/lang/Short
Event: 0.045 loading class java/lang/Short done
Event: 0.045 loading class java/lang/Integer
Event: 0.046 loading class java/lang/Integer done
Event: 0.046 loading class java/lang/Long
Event: 0.046 loading class java/lang/Long done
Event: 0.046 loading class java/lang/NullPointerException
Event: 0.046 loading class java/lang/NullPointerException done
Event: 0.046 loading class java/lang/ArithmeticException
Event: 0.046 loading class java/lang/ArithmeticException done


Dynamic libraries:
0x00007ff775ef0000 - 0x00007ff775f27000 	C:\Program Files\Java\jdk1.8.0_91\bin\java.exe
0x00007ffaffba0000 - 0x00007ffaffd61000 	C:\WINDOWS\SYSTEM32\ntdll.dll
0x00007ffafe8d0000 - 0x00007ffafe97d000 	C:\WINDOWS\system32\KERNEL32.DLL
0x00007ffafc230000 - 0x00007ffafc418000 	C:\WINDOWS\system32\KERNELBASE.dll
0x00007ffaff230000 - 0x00007ffaff2d7000 	C:\WINDOWS\system32\ADVAPI32.dll
0x00007ffaff020000 - 0x00007ffaff0bd000 	C:\WINDOWS\system32\msvcrt.dll
0x00007ffaff350000 - 0x00007ffaff3ab000 	C:\WINDOWS\system32\sechost.dll
0x00007ffafe980000 - 0x00007ffafea9c000 	C:\WINDOWS\system32\RPCRT4.dll
0x00007ffaff850000 - 0x00007ffaff9a6000 	C:\WINDOWS\system32\USER32.dll
0x00007ffafe4e0000 - 0x00007ffafe666000 	C:\WINDOWS\system32\GDI32.dll
0x00007ffaf3a50000 - 0x00007ffaf3cc4000 	C:\WINDOWS\WinSxS\amd64_microsoft.windows.common-controls_6595b64144ccf1df_6.0.10586.0_none_8c15ae12515e1c22\COMCTL32.dll
0x00007ffaff3b0000 - 0x00007ffaff62d000 	C:\WINDOWS\system32\combase.dll
0x00007ffafc440000 - 0x00007ffafc4aa000 	C:\WINDOWS\system32\bcryptPrimitives.dll
0x00007ffaff9b0000 - 0x00007ffaff9eb000 	C:\WINDOWS\system32\IMM32.DLL
0x0000000066010000 - 0x00000000660e2000 	C:\Program Files\Java\jdk1.8.0_91\jre\bin\msvcr100.dll
0x0000000067340000 - 0x0000000067bd3000 	C:\Program Files\Java\jdk1.8.0_91\jre\bin\server\jvm.dll
0x00007ffaff7e0000 - 0x00007ffaff7e8000 	C:\WINDOWS\system32\PSAPI.DLL
0x00007ffaf17c0000 - 0x00007ffaf17c9000 	C:\WINDOWS\SYSTEM32\WSOCK32.dll
0x00007ffafa3f0000 - 0x00007ffafa413000 	C:\WINDOWS\SYSTEM32\WINMM.dll
0x00007ffaf9140000 - 0x00007ffaf914a000 	C:\WINDOWS\SYSTEM32\VERSION.dll
0x00007ffaff630000 - 0x00007ffaff69b000 	C:\WINDOWS\system32\WS2_32.dll
0x00007ffafa390000 - 0x00007ffafa3bc000 	C:\WINDOWS\SYSTEM32\WINMMBASE.dll
0x00007ffafc4b0000 - 0x00007ffafc4f3000 	C:\WINDOWS\system32\cfgmgr32.dll
0x0000000067330000 - 0x000000006733f000 	C:\Program Files\Java\jdk1.8.0_91\jre\bin\verify.dll
0x0000000067300000 - 0x0000000067329000 	C:\Program Files\Java\jdk1.8.0_91\jre\bin\java.dll
0x00000000672e0000 - 0x00000000672f6000 	C:\Program Files\Java\jdk1.8.0_91\jre\bin\zip.dll

VM Arguments:
jvm_args: -Djava.awt.headless=true -Xmx1024M -Dfile.encoding=windows-1252 -Duser.country=ES -Duser.language=es -Duser.variant 
java_command: com.android.dx.command.Main --dex --force-jumbo --num-threads=4 --output E:\JAVA\CARPETA_PROYECTOS\app1-diplomado-calc\app\build\intermediates\pre-dexed\debug\support-annotations-23.4.0_f8658f1b4802d46e4044a163199352235acf60e6.jar E:\PROGRAMAS\AndroidSDK\extras\android\m2repository\com\android\support\support-annotations\23.4.0\support-annotations-23.4.0.jar
java_class_path (initial): E:\PROGRAMAS\AndroidSDK\build-tools\23.0.3\lib\dx.jar
Launcher Type: SUN_STANDARD

Environment Variables:
JAVA_HOME=C:\Program Files\Java\jdk1.8.0_91
CLASSPATH=.;C:\Program Files (x86)\Java\jre1.8.0_40\lib\ext\QTJava.zip;C:\Program Files\Java\jdk1.8.0_91\lib\dt.jar;C:\Program Files\Java\jdk1.8.0_91\lib\tools.jar;C:\Program Files\Java\jdk1.8.0_91\jre\lib\rt.jar
PATH=c:\program files (x86)\nvidia corporation\physx\common;c:\programdata\oracle\java\javapath;c:\users\xtr100\amd app sdk\2.9\bin\x86_64;c:\users\xtr100\amd app sdk\2.9\bin\x86;c:\program files (x86)\amd app sdk\2.9\bin\x86_64;c:\program files (x86)\amd app sdk\2.9\bin\x86;c:\python33\lib\site-packages\pyqt4;c:\gtk\bin;c:\windows\system32;c:\windows;c:\windows\system32\wbem;c:\windows\system32\windowspowershell\v1.0\;c:\program files (x86)\ati technologies\ati.ace\core-static;c:\program files\nodejs\;c:\program files (x86)\amd\ati.ace\core-static;c:\python27;c:\program files (x86)\quicktime\qtsystem\;c:\program files (x86)\nodejs\;c:\progra~2\picc;c:\program files\openvpn\bin;c:\program files (x86)\infogridpacific\azardi\bin;c:\program files (x86)\infogridpacific\azardi\bin;c:\program files\calibre2\;"C:\Program Files\Java\jdk1.8.0_91\bin";c:\program files (x86)\skype\phone\;c:\program files (x86)\bitvise ssh client;E:\PROGRAMAS\Android Studio\gradle\gradle-2.10;E:\PROGRAMAS\Android Studio\gradle\gradle-2.10\bin;C:\Users\XTR100\AppData\Roaming\npm
USERNAME=XTR100
OS=Windows_NT
PROCESSOR_IDENTIFIER=AMD64 Family 16 Model 4 Stepping 3, AuthenticAMD



---------------  S Y S T E M  ---------------

OS: Windows 10.0 , 64 bit Build 10586 (10.0.10586.0)

CPU:total 4 (4 cores per cpu, 1 threads per core) family 16 model 4 stepping 3, cmov, cx8, fxsr, mmx, sse, sse2, sse3, popcnt, mmxext, 3dnowpref, lzcnt, sse4a, tsc, tscinvbit, tscinv

Memory: 4k page, physical 12502160k(3013932k free), swap 16598160k(5872k free)

vm_info: Java HotSpot(TM) 64-Bit Server VM (25.91-b15) for windows-amd64 JRE (1.8.0_91-b15), built on May 20 2016 17:43:15 by "java_re" with MS VC++ 10.0 (VS2010)

time: Fri Jul 01 00:28:12 2016
elapsed time: 0 seconds (0d 0h 0m 0s)

