#
# There is insufficient memory for the Java Runtime Environment to continue.
# Native memory allocation (malloc) failed to allocate 131088 bytes for Chunk::new
# Possible reasons:
#   The system is out of physical RAM or swap space
#   In 32 bit mode, the process size limit was hit
# Possible solutions:
#   Reduce memory load on the system
#   Increase physical memory or swap space
#   Check if swap backing store is full
#   Use 64 bit Java on a 64 bit OS
#   Decrease Java heap size (-Xmx/-Xms)
#   Decrease number of Java threads
#   Decrease Java thread stack sizes (-Xss)
#   Set larger code cache with -XX:ReservedCodeCacheSize=
# This output file may be truncated or incomplete.
#
#  Out of Memory Error (allocation.cpp:390), pid=13356, tid=10232
#
# JRE version: Java(TM) SE Runtime Environment (8.0_91-b15) (build 1.8.0_91-b15)
# Java VM: Java HotSpot(TM) 64-Bit Server VM (25.91-b15 mixed mode windows-amd64 compressed oops)
# Failed to write core dump. Minidumps are not enabled by default on client versions of Windows
#

---------------  T H R E A D  ---------------

Current thread (0x00000000149cd000):  JavaThread "C2 CompilerThread1" daemon [_thread_in_native, id=10232, stack(0x00000000164d0000,0x00000000165d0000)]

Stack: [0x00000000164d0000,0x00000000165d0000]
[error occurred during error reporting (printing stack bounds), id 0xc0000005]

Native frames: (J=compiled Java code, j=interpreted, Vv=VM code, C=native code)


Current CompileTask:
C2:   3434 1432       4       com.android.dx.ssa.SCCP::simulateBranch (666 bytes)


---------------  P R O C E S S  ---------------

Java Threads: ( => current thread )
  0x000000001634e800 JavaThread "pool-1-thread-4" [_thread_blocked, id=7328, stack(0x0000000016cd0000,0x0000000016dd0000)]
  0x000000001634a000 JavaThread "pool-1-thread-3" [_thread_blocked, id=13940, stack(0x0000000016bd0000,0x0000000016cd0000)]
  0x0000000016349000 JavaThread "pool-1-thread-2" [_thread_in_Java, id=14044, stack(0x0000000016ad0000,0x0000000016bd0000)]
  0x0000000016346800 JavaThread "pool-2-thread-1" [_thread_blocked, id=5380, stack(0x00000000169d0000,0x0000000016ad0000)]
  0x0000000016322000 JavaThread "pool-1-thread-1" [_thread_in_Java, id=10460, stack(0x00000000168d0000,0x00000000169d0000)]
  0x00000000160d7000 JavaThread "Service Thread" daemon [_thread_blocked, id=14316, stack(0x00000000166d0000,0x00000000167d0000)]
  0x00000000149cd800 JavaThread "C1 CompilerThread2" daemon [_thread_blocked, id=12760, stack(0x00000000165d0000,0x00000000166d0000)]
=>0x00000000149cd000 JavaThread "C2 CompilerThread1" daemon [_thread_in_native, id=10232, stack(0x00000000164d0000,0x00000000165d0000)]
  0x0000000014970800 JavaThread "C2 CompilerThread0" daemon [_thread_in_native, id=13452, stack(0x0000000015fd0000,0x00000000160d0000)]
  0x000000001496f000 JavaThread "Attach Listener" daemon [_thread_blocked, id=12884, stack(0x0000000015ed0000,0x0000000015fd0000)]
  0x000000001496e000 JavaThread "Signal Dispatcher" daemon [_thread_blocked, id=13780, stack(0x0000000015dd0000,0x0000000015ed0000)]
  0x0000000014958800 JavaThread "Finalizer" daemon [_thread_blocked, id=8796, stack(0x0000000015bd0000,0x0000000015cd0000)]
  0x0000000002293800 JavaThread "Reference Handler" daemon [_thread_blocked, id=4208, stack(0x0000000015ad0000,0x0000000015bd0000)]
  0x00000000001de000 JavaThread "main" [_thread_blocked, id=7964, stack(0x00000000020a0000,0x00000000021a0000)]

Other Threads:
  0x0000000014937800 VMThread [stack: 0x00000000159d0000,0x0000000015ad0000] [id=10136]
  0x00000000160e3800 WatcherThread [stack: 0x00000000167d0000,0x00000000168d0000] [id=11484]

VM state:not at safepoint (normal execution)

VM Mutex/Monitor currently owned by a thread: None

Heap:
 PSYoungGen      total 57344K, used 46363K [0x00000000eab00000, 0x00000000f1b00000, 0x0000000100000000)
  eden space 49152K, 77% used [0x00000000eab00000,0x00000000ed04c398,0x00000000edb00000)
  from space 8192K, 99% used [0x00000000edb00000,0x00000000ee2faab8,0x00000000ee300000)
  to   space 8192K, 0% used [0x00000000f1300000,0x00000000f1300000,0x00000000f1b00000)
 ParOldGen       total 131072K, used 1535K [0x00000000c0000000, 0x00000000c8000000, 0x00000000eab00000)
  object space 131072K, 1% used [0x00000000c0000000,0x00000000c017ff28,0x00000000c8000000)
 Metaspace       used 6240K, capacity 7064K, committed 7424K, reserved 1056768K
  class space    used 620K, capacity 656K, committed 768K, reserved 1048576K

Card table byte_map: [0x0000000011660000,0x0000000011870000] byte_map_base: 0x0000000011060000

Marking Bits: (ParMarkBitMap*) 0x00000000672c2f70
 Begin Bits: [0x0000000011dd0000, 0x0000000012dd0000)
 End Bits:   [0x0000000012dd0000, 0x0000000013dd0000)

Polling page: 0x0000000000820000

CodeCache: size=245760Kb used=6508Kb max_used=6525Kb free=239251Kb
 bounds [0x00000000022a0000, 0x0000000002910000, 0x00000000112a0000]
 total_blobs=1828 nmethods=1560 adapters=182
 compilation: enabled

Compilation events (10 events):
Event: 3.294 Thread 0x00000000149cd800 1577       2       com.android.dx.cf.code.BaseMachine::<init> (46 bytes)
Event: 3.294 Thread 0x00000000149cd800 nmethod 1577 0x00000000028f3390 code [0x00000000028f3500, 0x00000000028f3878]
Event: 3.294 Thread 0x00000000149cd800 1581       2       com.android.dx.ssa.SsaMethod::<init> (50 bytes)
Event: 3.294 Thread 0x00000000149cd800 nmethod 1581 0x00000000028f39d0 code [0x00000000028f3b40, 0x00000000028f3d98]
Event: 3.294 Thread 0x00000000149cd800 1582       2       com.android.dx.ssa.LocalVariableExtractor::<init> (61 bytes)
Event: 3.294 Thread 0x00000000149cd800 nmethod 1582 0x00000000028f3f10 code [0x00000000028f40a0, 0x00000000028f4428]
Event: 3.294 Thread 0x00000000149cd800 1580       2       java.lang.String::<init> (15 bytes)
Event: 3.295 Thread 0x00000000149cd800 nmethod 1580 0x00000000028f4610 code [0x00000000028f4780, 0x00000000028f4a08]
Event: 3.399 Thread 0x0000000014970800 nmethod 1435 0x00000000028f8f50 code [0x00000000028f9480, 0x00000000028fca68]
Event: 3.400 Thread 0x0000000014970800 1532   !   4       com.android.dx.cf.code.RopperMachine::run (1550 bytes)

GC Heap History (2 events):
Event: 2.578 GC heap before
{Heap before GC invocations=1 (full 0):
 PSYoungGen      total 57344K, used 49152K [0x00000000eab00000, 0x00000000eeb00000, 0x0000000100000000)
  eden space 49152K, 100% used [0x00000000eab00000,0x00000000edb00000,0x00000000edb00000)
  from space 8192K, 0% used [0x00000000ee300000,0x00000000ee300000,0x00000000eeb00000)
  to   space 8192K, 0% used [0x00000000edb00000,0x00000000edb00000,0x00000000ee300000)
 ParOldGen       total 131072K, used 0K [0x00000000c0000000, 0x00000000c8000000, 0x00000000eab00000)
  object space 131072K, 0% used [0x00000000c0000000,0x00000000c0000000,0x00000000c8000000)
 Metaspace       used 6157K, capacity 7000K, committed 7168K, reserved 1056768K
  class space    used 618K, capacity 656K, committed 768K, reserved 1048576K
Event: 2.739 GC heap after
Heap after GC invocations=1 (full 0):
 PSYoungGen      total 57344K, used 8170K [0x00000000eab00000, 0x00000000f1b00000, 0x0000000100000000)
  eden space 49152K, 0% used [0x00000000eab00000,0x00000000eab00000,0x00000000edb00000)
  from space 8192K, 99% used [0x00000000edb00000,0x00000000ee2faab8,0x00000000ee300000)
  to   space 8192K, 0% used [0x00000000f1300000,0x00000000f1300000,0x00000000f1b00000)
 ParOldGen       total 131072K, used 1535K [0x00000000c0000000, 0x00000000c8000000, 0x00000000eab00000)
  object space 131072K, 1% used [0x00000000c0000000,0x00000000c017ff28,0x00000000c8000000)
 Metaspace       used 6157K, capacity 7000K, committed 7168K, reserved 1056768K
  class space    used 618K, capacity 656K, committed 768K, reserved 1048576K
}

Deoptimization events (10 events):
Event: 2.791 Thread 0x0000000016322000 Uncommon trap: reason=unstable_if action=reinterpret pc=0x000000000279b1e0 method=com.android.dx.ssa.SCCP.simulateStmt(Lcom/android/dx/ssa/SsaInsn;)V @ 59
Event: 2.791 Thread 0x0000000016322000 Uncommon trap: reason=unstable_if action=reinterpret pc=0x0000000002772a54 method=java.util.HashMap.putVal(ILjava/lang/Object;Ljava/lang/Object;ZZ)Ljava/lang/Object; @ 109
Event: 2.838 Thread 0x0000000016349000 Uncommon trap: reason=bimorphic action=maybe_recompile pc=0x0000000002821460 method=com.android.dx.cf.code.BytecodeArray.parseInstruction(ILcom/android/dx/cf/code/BytecodeArray$Visitor;)I @ 2281
Event: 2.838 Thread 0x0000000016349000 Uncommon trap: reason=bimorphic action=maybe_recompile pc=0x0000000002821460 method=com.android.dx.cf.code.BytecodeArray.parseInstruction(ILcom/android/dx/cf/code/BytecodeArray$Visitor;)I @ 2281
Event: 2.897 Thread 0x000000001634e800 Uncommon trap: reason=null_assert action=make_not_entrant pc=0x00000000027d1f34 method=com.android.dx.cf.code.RopperMachine.run(Lcom/android/dx/cf/code/Frame;II)V @ 1112
Event: 2.919 Thread 0x000000001634e800 Uncommon trap: reason=bimorphic action=maybe_recompile pc=0x0000000002821fa4 method=com.android.dx.cf.code.BytecodeArray.parseInstruction(ILcom/android/dx/cf/code/BytecodeArray$Visitor;)I @ 939
Event: 2.920 Thread 0x000000001634e800 Uncommon trap: reason=bimorphic action=maybe_recompile pc=0x0000000002821e8c method=com.android.dx.cf.code.BytecodeArray.parseInstruction(ILcom/android/dx/cf/code/BytecodeArray$Visitor;)I @ 907
Event: 2.920 Thread 0x000000001634e800 Uncommon trap: reason=bimorphic action=maybe_recompile pc=0x00000000028222a4 method=com.android.dx.cf.code.BytecodeArray.parseInstruction(ILcom/android/dx/cf/code/BytecodeArray$Visitor;)I @ 1130
Event: 2.920 Thread 0x000000001634e800 Uncommon trap: reason=bimorphic action=maybe_recompile pc=0x0000000002821f18 method=com.android.dx.cf.code.BytecodeArray.parseInstruction(ILcom/android/dx/cf/code/BytecodeArray$Visitor;)I @ 923
Event: 2.920 Thread 0x000000001634e800 Uncommon trap: reason=bimorphic action=maybe_recompile pc=0x00000000028222a4 method=com.android.dx.cf.code.BytecodeArray.parseInstruction(ILcom/android/dx/cf/code/BytecodeArray$Visitor;)I @ 1130

Internal exceptions (6 events):
Event: 0.045 Thread 0x00000000001de000 Exception <a 'java/lang/NoSuchMethodError': Method sun.misc.Unsafe.defineClass(Ljava/lang/String;[BII)Ljava/lang/Class; name or signature does not match> (0x00000000eab07cc0) thrown at [C:\re\workspace\8-2-build-windows-amd64-cygwin\jdk8u91\7017\hotspot\sr1µ‹Ï‘ ß?
Event: 0.045 Thread 0x00000000001de000 Exception <a 'java/lang/NoSuchMethodError': Method sun.misc.Unsafe.prefetchRead(Ljava/lang/Object;J)V name or signature does not match> (0x00000000eab07fa8) thrown at [C:\re\workspace\8-2-build-windows-amd64-cygwin\jdk8u91\7017\hotspot\src\share\vm\prims\jX[º•?Ù?
Event: 1.266 Thread 0x000000001634a000 Implicit null exception at 0x0000000002634918 to 0x00000000026364a9
Event: 1.538 Thread 0x000000001634a000 Exception <a 'java/lang/ArrayIndexOutOfBoundsException': 18> (0x00000000ecc2c6c8) thrown at [C:\re\workspace\8-2-build-windows-amd64-cygwin\jdk8u91\7017\hotspot\src\share\vm\interpreter\interpreterRuntime.cpp, line 366]
Event: 1.539 Thread 0x000000001634a000 Exception <a 'java/lang/ArrayIndexOutOfBoundsException': 145> (0x00000000ecc2e248) thrown at [C:\re\workspace\8-2-build-windows-amd64-cygwin\jdk8u91\7017\hotspot\src\share\vm\interpreter\interpreterRuntime.cpp, line 366]
Event: 1.539 Thread 0x000000001634a000 Exception <a 'java/lang/ArrayIndexOutOfBoundsException': 40> (0x00000000ecc2f530) thrown at [C:\re\workspace\8-2-build-windows-amd64-cygwin\jdk8u91\7017\hotspot\src\share\vm\interpreter\interpreterRuntime.cpp, line 366]

Events (10 events):
Event: 2.920 Thread 0x000000001634e800 DEOPT UNPACKING pc=0x00000000022e582a sp=0x0000000016dceb48 mode 2
Event: 2.920 Thread 0x000000001634e800 Uncommon trap: trap_request=0xffffffc6 fr.pc=0x00000000028222a4
Event: 2.920 Thread 0x000000001634e800 DEOPT PACKING pc=0x00000000028222a4 sp=0x0000000016dceb90
Event: 2.920 Thread 0x000000001634e800 DEOPT UNPACKING pc=0x00000000022e582a sp=0x0000000016dceb48 mode 2
Event: 2.920 Thread 0x000000001634e800 Uncommon trap: trap_request=0xffffffc6 fr.pc=0x0000000002821f18
Event: 2.920 Thread 0x000000001634e800 DEOPT PACKING pc=0x0000000002821f18 sp=0x0000000016dceb90
Event: 2.920 Thread 0x000000001634e800 DEOPT UNPACKING pc=0x00000000022e582a sp=0x0000000016dceb48 mode 2
Event: 2.920 Thread 0x000000001634e800 Uncommon trap: trap_request=0xffffffc6 fr.pc=0x00000000028222a4
Event: 2.920 Thread 0x000000001634e800 DEOPT PACKING pc=0x00000000028222a4 sp=0x0000000016dceb90
Event: 2.920 Thread 0x000000001634e800 DEOPT UNPACKING pc=0x00000000022e582a sp=0x0000000016dceb48 mode 2


Dynamic libraries:
0x00007ff7524f0000 - 0x00007ff752527000 	C:\Program Files\Java\jdk1.8.0_91\bin\java.exe
0x00007ffab6a30000 - 0x00007ffab6bf1000 	C:\WINDOWS\SYSTEM32\ntdll.dll
0x00007ffab5f10000 - 0x00007ffab5fbd000 	C:\WINDOWS\system32\KERNEL32.DLL
0x00007ffab3a40000 - 0x00007ffab3c28000 	C:\WINDOWS\system32\KERNELBASE.dll
0x00007ffab5dc0000 - 0x00007ffab5e67000 	C:\WINDOWS\system32\ADVAPI32.dll
0x00007ffab5e70000 - 0x00007ffab5f0d000 	C:\WINDOWS\system32\msvcrt.dll
0x00007ffab5ac0000 - 0x00007ffab5b1b000 	C:\WINDOWS\system32\sechost.dll
0x00007ffab5940000 - 0x00007ffab5a5c000 	C:\WINDOWS\system32\RPCRT4.dll
0x00007ffab3e10000 - 0x00007ffab3f66000 	C:\WINDOWS\system32\USER32.dll
0x00007ffab65b0000 - 0x00007ffab6736000 	C:\WINDOWS\system32\GDI32.dll
0x00007ffaa4990000 - 0x00007ffaa4c04000 	C:\WINDOWS\WinSxS\amd64_microsoft.windows.common-controls_6595b64144ccf1df_6.0.10586.494_none_a2d8b04ea53e3145\COMCTL32.dll
0x00007ffab67b0000 - 0x00007ffab6a2d000 	C:\WINDOWS\system32\combase.dll
0x00007ffab3ce0000 - 0x00007ffab3d4a000 	C:\WINDOWS\system32\bcryptPrimitives.dll
0x00007ffab6570000 - 0x00007ffab65ab000 	C:\WINDOWS\system32\IMM32.DLL
0x0000000066550000 - 0x0000000066622000 	C:\Program Files\Java\jdk1.8.0_91\jre\bin\msvcr100.dll
0x0000000066ab0000 - 0x0000000067343000 	C:\Program Files\Java\jdk1.8.0_91\jre\bin\server\jvm.dll
0x00007ffab5ce0000 - 0x00007ffab5ce8000 	C:\WINDOWS\system32\PSAPI.DLL
0x00007ffaa9070000 - 0x00007ffaa9079000 	C:\WINDOWS\SYSTEM32\WSOCK32.dll
0x00007ffab5bf0000 - 0x00007ffab5c5b000 	C:\WINDOWS\system32\WS2_32.dll
0x00007ffab1260000 - 0x00007ffab1283000 	C:\WINDOWS\SYSTEM32\WINMM.dll
0x00007ffab07b0000 - 0x00007ffab07ba000 	C:\WINDOWS\SYSTEM32\VERSION.dll
0x00007ffab1200000 - 0x00007ffab122c000 	C:\WINDOWS\SYSTEM32\WINMMBASE.dll
0x00007ffab37c0000 - 0x00007ffab3803000 	C:\WINDOWS\system32\cfgmgr32.dll
0x00000000669c0000 - 0x00000000669cf000 	C:\Program Files\Java\jdk1.8.0_91\jre\bin\verify.dll
0x0000000066990000 - 0x00000000669b9000 	C:\Program Files\Java\jdk1.8.0_91\jre\bin\java.dll
0x0000000066970000 - 0x0000000066986000 	C:\Program Files\Java\jdk1.8.0_91\jre\bin\zip.dll
0x00007ffab4080000 - 0x00007ffab55dc000 	C:\WINDOWS\system32\SHELL32.dll
0x00007ffab30c0000 - 0x00007ffab3705000 	C:\WINDOWS\system32\windows.storage.dll
0x00007ffab6740000 - 0x00007ffab6792000 	C:\WINDOWS\system32\shlwapi.dll
0x00007ffab3030000 - 0x00007ffab303f000 	C:\WINDOWS\system32\kernel.appcore.dll
0x00007ffab3d50000 - 0x00007ffab3e05000 	C:\WINDOWS\system32\shcore.dll
0x00007ffab3060000 - 0x00007ffab30ab000 	C:\WINDOWS\system32\powrprof.dll
0x00007ffab3040000 - 0x00007ffab3054000 	C:\WINDOWS\system32\profapi.dll

VM Arguments:
jvm_args: -Djava.awt.headless=true -Xmx1024M -Dfile.encoding=windows-1252 -Duser.country=ES -Duser.language=es -Duser.variant 
java_command: com.android.dx.command.Main --dex --force-jumbo --num-threads=4 --output E:\JAVA\CARPETA_PROYECTOS\app1-diplomado-calc\app\build\intermediates\pre-dexed\debug\okhttp-3.3.0_da0a192d2c78e7d82cb44dd737222bf51d56da86.jar C:\Users\XTR100\.gradle\caches\modules-2\files-2.1\com.squareup.okhttp3\okhttp\3.3.0\2b802460eea20f8f2ad9c08c74e0f14718e88aa9\okhttp-3.3.0.jar
java_class_path (initial): E:\PROGRAMAS\AndroidSDK\build-tools\23.0.3\lib\dx.jar
Launcher Type: SUN_STANDARD

Environment Variables:
JAVA_HOME=C:\Program Files\Java\jdk1.8.0_91
CLASSPATH=.;C:\Program Files (x86)\Java\jre1.8.0_40\lib\ext\QTJava.zip;C:\Program Files\Java\jdk1.8.0_91\lib\dt.jar;C:\Program Files\Java\jdk1.8.0_91\lib\tools.jar;C:\Program Files\Java\jdk1.8.0_91\jre\lib\rt.jar
PATH=c:\program files (x86)\nvidia corporation\physx\common;c:\programdata\oracle\java\javapath;c:\users\xtr100\amd app sdk\2.9\bin\x86_64;c:\users\xtr100\amd app sdk\2.9\bin\x86;c:\program files (x86)\amd app sdk\2.9\bin\x86_64;c:\program files (x86)\amd app sdk\2.9\bin\x86;c:\python33\lib\site-packages\pyqt4;c:\gtk\bin;c:\windows\system32;c:\windows;c:\windows\system32\wbem;c:\windows\system32\windowspowershell\v1.0\;c:\program files (x86)\ati technologies\ati.ace\core-static;c:\program files\nodejs\;c:\program files (x86)\amd\ati.ace\core-static;c:\python27;c:\program files (x86)\quicktime\qtsystem\;c:\program files (x86)\nodejs\;c:\progra~2\picc;c:\program files\openvpn\bin;c:\program files (x86)\infogridpacific\azardi\bin;c:\program files (x86)\infogridpacific\azardi\bin;c:\program files\calibre2\;"C:\Program Files\Java\jdk1.8.0_91\bin";c:\program files (x86)\skype\phone\;c:\program files (x86)\bitvise ssh client;E:\PROGRAMAS\Android Studio\gradle\gradle-2.10;E:\PROGRAMAS\Android Studio\gradle\gradle-2.10\bin;C:\Users\XTR100\AppData\Roaming\npm
USERNAME=XTR100
OS=Windows_NT
PROCESSOR_IDENTIFIER=AMD64 Family 16 Model 4 Stepping 3, AuthenticAMD



---------------  S Y S T E M  ---------------

OS: Windows 10.0 , 64 bit Build 10586 (10.0.10586.0)

CPU:total 4 (4 cores per cpu, 1 threads per core) family 16 model 4 stepping 3, cmov, cx8, fxsr, mmx, sse, sse2, sse3, popcnt, mmxext, 3dnowpref, lzcnt, sse4a, tsc, tscinvbit, tscinv

Memory: 4k page, physical 12502160k(2751860k free), swap 16598160k(5784k free)

vm_info: Java HotSpot(TM) 64-Bit Server VM (25.91-b15) for windows-amd64 JRE (1.8.0_91-b15), built on May 20 2016 17:43:15 by "java_re" with MS VC++ 10.0 (VS2010)

time: Wed Jul 20 21:59:37 2016
elapsed time: 3 seconds (0d 0h 0m 3s)

